<?xml version="1.0" encoding="UTF-8"?>
<!-- Generated by org.testng.reporters.JUnitReportReporter -->
<testsuite hostname="DESKTOP-3DKGOGQ" failures="0" tests="1" name="testscripts.DemoTest" time="6.121" errors="0" timestamp="2024-03-15T15:13:02 IST" skipped="0">
  <testcase classname="testscripts.DemoTest" name="demoTest" time="6.121"/>
</testsuite> <!-- testscripts.DemoTest -->
