<?xml version="1.0" encoding="UTF-8"?>
<!-- Generated by org.testng.reporters.JUnitReportReporter -->
<testsuite hostname="DESKTOP-3DKGOGQ" failures="0" tests="1" name="testscripts.ProductsTest" time="38.716" errors="0" timestamp="2024-03-18T17:55:54 IST" skipped="0">
  <testcase classname="testscripts.ProductsTest" name="productest" time="38.716">
    <system-out>
      <![CDATA[product asert passed sucessfulluy]]>
    </system-out>
  </testcase> <!-- productest -->
  <system-out>
    <![CDATA[product asert passed sucessfulluy]]>
  </system-out>
</testsuite> <!-- testscripts.ProductsTest -->
